<?xml version="1.0" encoding="UTF-8"?>
<testsuites>
  <testsuite name="fastlane.lanes">
    
    
    
      
      <testcase classname="fastlane.lanes" name="0: default_platform" time="0.001163">
        
      </testcase>
    
      
      <testcase classname="fastlane.lanes" name="1: Switch to android increment_version_firebase_cus lane" time="0.000271">
        
      </testcase>
    
      
      <testcase classname="fastlane.lanes" name="2: firebase_app_distribution_get_latest_release" time="3.483887">
        
      </testcase>
    
      
      <testcase classname="fastlane.lanes" name="3: increment_flutter_version" time="0.003627">
        
      </testcase>
    
      
      <testcase classname="fastlane.lanes" name="4: increment_flutter_version" time="0.002679">
        
      </testcase>
    
      
      <testcase classname="fastlane.lanes" name="5: Switch to android build2 lane" time="0.000215">
        
      </testcase>
    
      
      <testcase classname="fastlane.lanes" name="6: flutter build apk --flavor prodGlobal -t lib/mains/main_global_prod.dart --release &apos;&apos;" time="15.881508">
        
          <failure message="/Users/d2c-abhijith.k/.rvm/rubies/ruby-3.1.3/lib/ruby/gems/3.1.0/gems/fastlane-2.220.0/fastlane/lib/fastlane/actions/actions_helper.rb:67:in `execute_action&apos;&#10;/Users/d2c-abhijith.k/.rvm/rubies/ruby-3.1.3/lib/ruby/gems/3.1.0/gems/fastlane-2.220.0/fastlane/lib/fastlane/fast_file.rb:222:in `sh&apos;&#10;/Users/d2c-abhijith.k/.rvm/rubies/ruby-3.1.3/lib/ruby/gems/3.1.0/gems/fastlane-2.220.0/fastlane/lib/fastlane/fast_file.rb:216:in `sh&apos;&#10;Fastfile:78:in `block (3 levels) in parsing_binding&apos;&#10;Fastfile:77:in `chdir&apos;&#10;Fastfile:77:in `block (2 levels) in parsing_binding&apos;&#10;/Users/d2c-abhijith.k/.rvm/rubies/ruby-3.1.3/lib/ruby/gems/3.1.0/gems/fastlane-2.220.0/fastlane/lib/fastlane/lane.rb:41:in `call&apos;&#10;/Users/d2c-abhijith.k/.rvm/rubies/ruby-3.1.3/lib/ruby/gems/3.1.0/gems/fastlane-2.220.0/fastlane/lib/fastlane/runner.rb:204:in `try_switch_to_lane&apos;&#10;/Users/d2c-abhijith.k/.rvm/rubies/ruby-3.1.3/lib/ruby/gems/3.1.0/gems/fastlane-2.220.0/fastlane/lib/fastlane/runner.rb:146:in `trigger_action_by_name&apos;&#10;/Users/d2c-abhijith.k/.rvm/rubies/ruby-3.1.3/lib/ruby/gems/3.1.0/gems/fastlane-2.220.0/fastlane/lib/fastlane/fast_file.rb:159:in `method_missing&apos;&#10;Fastfile:174:in `block (2 levels) in parsing_binding&apos;&#10;/Users/d2c-abhijith.k/.rvm/rubies/ruby-3.1.3/lib/ruby/gems/3.1.0/gems/fastlane-2.220.0/fastlane/lib/fastlane/lane.rb:41:in `call&apos;&#10;/Users/d2c-abhijith.k/.rvm/rubies/ruby-3.1.3/lib/ruby/gems/3.1.0/gems/fastlane-2.220.0/fastlane/lib/fastlane/runner.rb:49:in `block in execute&apos;&#10;/Users/d2c-abhijith.k/.rvm/rubies/ruby-3.1.3/lib/ruby/gems/3.1.0/gems/fastlane-2.220.0/fastlane/lib/fastlane/runner.rb:45:in `chdir&apos;&#10;/Users/d2c-abhijith.k/.rvm/rubies/ruby-3.1.3/lib/ruby/gems/3.1.0/gems/fastlane-2.220.0/fastlane/lib/fastlane/runner.rb:45:in `execute&apos;&#10;/Users/d2c-abhijith.k/.rvm/rubies/ruby-3.1.3/lib/ruby/gems/3.1.0/gems/fastlane-2.220.0/fastlane/lib/fastlane/lane_manager.rb:46:in `cruise_lane&apos;&#10;/Users/d2c-abhijith.k/.rvm/rubies/ruby-3.1.3/lib/ruby/gems/3.1.0/gems/fastlane-2.220.0/fastlane/lib/fastlane/command_line_handler.rb:34:in `handle&apos;&#10;/Users/d2c-abhijith.k/.rvm/rubies/ruby-3.1.3/lib/ruby/gems/3.1.0/gems/fastlane-2.220.0/fastlane/lib/fastlane/commands_generator.rb:110:in `block (2 levels) in run&apos;&#10;/Users/d2c-abhijith.k/.rvm/rubies/ruby-3.1.3/lib/ruby/gems/3.1.0/gems/commander-4.6.0/lib/commander/command.rb:187:in `call&apos;&#10;/Users/d2c-abhijith.k/.rvm/rubies/ruby-3.1.3/lib/ruby/gems/3.1.0/gems/commander-4.6.0/lib/commander/command.rb:157:in `run&apos;&#10;/Users/d2c-abhijith.k/.rvm/rubies/ruby-3.1.3/lib/ruby/gems/3.1.0/gems/commander-4.6.0/lib/commander/runner.rb:444:in `run_active_command&apos;&#10;/Users/d2c-abhijith.k/.rvm/rubies/ruby-3.1.3/lib/ruby/gems/3.1.0/gems/fastlane-2.220.0/fastlane_core/lib/fastlane_core/ui/fastlane_runner.rb:124:in `run!&apos;&#10;/Users/d2c-abhijith.k/.rvm/rubies/ruby-3.1.3/lib/ruby/gems/3.1.0/gems/commander-4.6.0/lib/commander/delegates.rb:18:in `run!&apos;&#10;/Users/d2c-abhijith.k/.rvm/rubies/ruby-3.1.3/lib/ruby/gems/3.1.0/gems/fastlane-2.220.0/fastlane/lib/fastlane/commands_generator.rb:363:in `run&apos;&#10;/Users/d2c-abhijith.k/.rvm/rubies/ruby-3.1.3/lib/ruby/gems/3.1.0/gems/fastlane-2.220.0/fastlane/lib/fastlane/commands_generator.rb:43:in `start&apos;&#10;/Users/d2c-abhijith.k/.rvm/rubies/ruby-3.1.3/lib/ruby/gems/3.1.0/gems/fastlane-2.220.0/fastlane/lib/fastlane/cli_tools_distributor.rb:123:in `take_off&apos;&#10;/Users/d2c-abhijith.k/.rvm/rubies/ruby-3.1.3/lib/ruby/gems/3.1.0/gems/fastlane-2.220.0/bin/fastlane:23:in `&lt;top (required)&gt;&apos;&#10;/Users/d2c-abhijith.k/.rvm/gems/ruby-3.1.3/bin/fastlane:25:in `load&apos;&#10;/Users/d2c-abhijith.k/.rvm/gems/ruby-3.1.3/bin/fastlane:25:in `&lt;main&gt;&apos;&#10;/Users/d2c-abhijith.k/.rvm/gems/ruby-3.1.3/bin/ruby_executable_hooks:22:in `eval&apos;&#10;/Users/d2c-abhijith.k/.rvm/gems/ruby-3.1.3/bin/ruby_executable_hooks:22:in `&lt;main&gt;&apos;&#10;&#10;Exit status of command &apos;flutter build apk --flavor prodGlobal -t lib/mains/main_global_prod.dart --release &apos;&apos;&apos; was 1 instead of 0.&#10;Resolving dependencies...&#10;  _fe_analyzer_shared 61.0.0 (70.0.0 available)&#10;  analyzer 5.13.0 (6.5.2 available)&#10;  args 2.4.2 (2.5.0 available)&#10;  auto_route 6.4.0 (8.1.3 available)&#10;  auto_route_generator 6.2.0 (8.0.0 available)&#10;  build_daemon 4.0.0 (4.0.2 available)&#10;  build_resolvers 2.4.1 (2.4.2 available)&#10;  build_runner 2.4.6 (2.4.11 available)&#10;  build_runner_core 7.2.11 (7.3.1 available)&#10;  built_value 8.7.0 (8.9.2 available)&#10;  code_builder 4.7.0 (4.10.0 available)&#10;  collection 1.17.1 (1.18.0 available)&#10;  cupertino_icons 1.0.6 (1.0.8 available)&#10;  dart_style 2.3.2 (2.3.6 available)&#10;  firebase_core 2.24.2 (3.0.0 available)&#10;  firebase_core_web 2.10.0 (2.17.1 available)&#10;  flutter_flavor 3.1.1 (3.1.3 available)&#10;  flutter_lints 2.0.3 (4.0.0 available)&#10;  frontend_server_client 3.2.0 (4.0.0 available)&#10;  js 0.6.7 (0.7.1 available)&#10;  json_annotation 4.8.1 (4.9.0 available)&#10;  lints 2.1.1 (4.0.0 available)&#10;  matcher 0.12.15 (0.12.16+1 available)&#10;  material_color_utilities 0.2.0 (0.11.1 available)&#10;  meta 1.9.1 (1.15.0 available)&#10;  mime 1.0.4 (1.0.5 available)&#10;  path 1.8.3 (1.9.0 available)&#10;  petitparser 5.4.0 (6.0.2 available)&#10;  pubspec_parse 1.2.3 (1.3.0 available)&#10;  shelf_web_socket 1.0.4 (2.0.0 available)&#10;  source_gen 1.4.0 (1.5.0 available)&#10;  source_span 1.9.1 (1.10.0 available)&#10;  stack_trace 1.11.0 (1.11.1 available)&#10;  stream_channel 2.1.1 (2.1.2 available)&#10;  test_api 0.5.1 (0.7.2 available)&#10;  web_socket_channel 2.4.0 (3.0.0 available)&#10;  xml 6.3.0 (6.5.0 available)&#10;Got dependencies!&#10;&#10;Running Gradle task &apos;assembleProdGlobalRelease&apos;...              &#10;&#10;FAILURE: Build failed with an exception.&#10;&#10;* Where:&#10;Build file &apos;/Users/d2c-abhijith.k/projects/navigation/android/app/build.gradle&apos; line: 56&#10;&#10;* What went wrong:&#10;A problem occurred evaluating project &apos;:app&apos;.&#10;&gt; path may not be null or empty string. path=&apos;null&apos;&#10;&#10;* Try:&#10;&gt; Run with --stacktrace option to get the stack trace.&#10;&gt; Run with --info or --debug option to get more log output.&#10;&gt; Run with --scan to get full insights.&#10;&gt; Get more help at https://help.gradle.org.&#10;&#10;BUILD FAILED in 10s&#10;App Building using debug keystore&#10;Running Gradle task &apos;assembleProdGlobalRelease&apos;...                 11.6s&#10;Gradle task assembleProdGlobalRelease failed with exit code 1&#10;" />
        
      </testcase>
    
  </testsuite>
</testsuites>
